-------------------------------------------------------------------------------
Test set: bazy.dziala.bazydziala.BazydzialaApplicationTests
-------------------------------------------------------------------------------
Tests run: 1, Failures: 0, Errors: 1, Skipped: 0, Time elapsed: 3.922 s <<< FAILURE! - in bazy.dziala.bazydziala.BazydzialaApplicationTests
contextLoads  Time elapsed: 0.001 s  <<< ERROR!
java.lang.IllegalStateException: Failed to load ApplicationContext for [WebMergedContextConfiguration@24018c8b testClass = bazy.dziala.bazydziala.BazydzialaApplicationTests, locations = [], classes = [bazy.dziala.bazydziala.BazydzialaApplication], contextInitializerClasses = [], activeProfiles = [], propertySourceLocations = [], propertySourceProperties = ["org.springframework.boot.test.context.SpringBootTestContextBootstrapper=true"], contextCustomizers = [org.springframework.boot.test.context.filter.ExcludeFilterContextCustomizer@2d52216b, org.springframework.boot.test.json.DuplicateJsonObjectContextCustomizerFactory$DuplicateJsonObjectContextCustomizer@1ed6388a, org.springframework.boot.test.mock.mockito.MockitoContextCustomizer@0, org.springframework.boot.test.web.client.TestRestTemplateContextCustomizer@229c6181, org.springframework.boot.test.autoconfigure.actuate.observability.ObservabilityContextCustomizerFactory$DisableObservabilityContextCustomizer@9da1, org.springframework.boot.test.autoconfigure.properties.PropertyMappingContextCustomizer@0, org.springframework.boot.test.autoconfigure.web.servlet.WebDriverContextCustomizerFactory$Customizer@6d4d66d2, org.springframework.boot.test.context.SpringBootTestAnnotation@8b386323], resourceBasePath = "src/main/webapp", contextLoader = org.springframework.boot.test.context.SpringBootContextLoader, parent = null]
Caused by: org.springframework.beans.factory.BeanCreationException: Error creating bean with name 'entityManagerFactory' defined in class path resource [org/springframework/boot/autoconfigure/orm/jpa/HibernateJpaConfiguration.class]: [PersistenceUnit: default] Unable to build Hibernate SessionFactory; nested exception is org.hibernate.MappingException: Column 'id' is duplicated in mapping for entity 'bazy.dziala.bazydziala.model.Application' (use '@Column(insertable=false, updatable=false)' when mapping multiple properties to the same column)
Caused by: jakarta.persistence.PersistenceException: [PersistenceUnit: default] Unable to build Hibernate SessionFactory; nested exception is org.hibernate.MappingException: Column 'id' is duplicated in mapping for entity 'bazy.dziala.bazydziala.model.Application' (use '@Column(insertable=false, updatable=false)' when mapping multiple properties to the same column)
Caused by: org.hibernate.MappingException: Column 'id' is duplicated in mapping for entity 'bazy.dziala.bazydziala.model.Application' (use '@Column(insertable=false, updatable=false)' when mapping multiple properties to the same column)

